2024-12-29 16:49:53.250 UTC [1] LOG:  starting PostgreSQL 17.2 (Debian 17.2-1.pgdg120+1) on x86_64-pc-linux-gnu, compiled by gcc (Debian 12.2.0-14) 12.2.0, 64-bit
2024-12-29 16:49:53.250 UTC [1] LOG:  listening on IPv4 address "0.0.0.0", port 5432
2024-12-29 16:49:53.250 UTC [1] LOG:  listening on IPv6 address "::", port 5432
2024-12-29 16:49:53.259 UTC [1] LOG:  listening on Unix socket "/var/run/postgresql/.s.PGSQL.5432"
2024-12-29 16:49:53.291 UTC [31] LOG:  database system was shut down at 2024-12-29 16:49:51 UTC
2024-12-29 16:49:53.331 UTC [1] LOG:  database system is ready to accept connections
2024-12-29 16:55:15.787 UTC [29] LOG:  checkpoint starting: time
2024-12-29 16:55:19.958 UTC [29] LOG:  checkpoint complete: wrote 44 buffers (0.3%); 0 WAL file(s) added, 0 removed, 0 recycled; write=4.135 s, sync=0.012 s, total=4.171 s; sync files=11, longest=0.004 s, average=0.002 s; distance=259 kB, estimate=259 kB; lsn=0/1949738, redo lsn=0/19496E0
2024-12-29 16:59:57.155 UTC [54] LOG:  statement: SET DateStyle=ISO; SET client_min_messages=notice; SELECT set_config('bytea_output','hex',false) FROM pg_show_all_settings() WHERE name = 'bytea_output'; SET client_encoding='utf-8';
2024-12-29 16:59:57.175 UTC [54] LOG:  statement: SELECT version()
2024-12-29 16:59:57.177 UTC [54] LOG:  statement: 
	SELECT
	    db.oid as did, db.datname, db.datallowconn,
	    pg_encoding_to_char(db.encoding) AS serverencoding,
	    has_database_privilege(db.oid, 'CREATE') as cancreate,
	    datistemplate
	FROM
	    pg_catalog.pg_database db
	WHERE db.datname = current_database()
2024-12-29 16:59:57.207 UTC [54] LOG:  statement: 
	        SELECT
	             gss_authenticated, encrypted
	        FROM
	            pg_catalog.pg_stat_gssapi
	        WHERE pid = pg_backend_pid()
2024-12-29 16:59:57.213 UTC [54] LOG:  statement: 
	        SELECT
	            roles.oid as id, roles.rolname as name,
	            roles.rolsuper as is_superuser,
	            CASE WHEN roles.rolsuper THEN true ELSE roles.rolcreaterole END as
	            can_create_role,
	            CASE WHEN roles.rolsuper THEN true
	            ELSE roles.rolcreatedb END as can_create_db,
	            CASE WHEN 'pg_signal_backend'=ANY(ARRAY(WITH RECURSIVE cte AS (
	            SELECT pg_roles.oid,pg_roles.rolname FROM pg_roles
	                WHERE pg_roles.oid = roles.oid
	            UNION ALL
	            SELECT m.roleid,pgr.rolname FROM cte cte_1
	                JOIN pg_auth_members m ON m.member = cte_1.oid
	                JOIN pg_roles pgr ON pgr.oid = m.roleid)
	            SELECT rolname  FROM cte)) THEN True
	            ELSE False END as can_signal_backend
	        FROM
	            pg_catalog.pg_roles as roles
	        WHERE
	            rolname = current_user
2024-12-29 16:59:57.232 UTC [54] LOG:  statement: SELECT rel.oid, rel.relname AS name,
	    (SELECT count(*) FROM pg_catalog.pg_trigger WHERE tgrelid=rel.oid AND tgisinternal = FALSE) AS triggercount,
	    (SELECT count(*) FROM pg_catalog.pg_trigger WHERE tgrelid=rel.oid AND tgisinternal = FALSE AND tgenabled = 'O') AS has_enable_triggers,
	    (CASE WHEN rel.relkind = 'p' THEN true ELSE false END) AS is_partitioned,
	    (SELECT count(1) FROM pg_catalog.pg_inherits WHERE inhrelid=rel.oid LIMIT 1) as is_inherits,
	    (SELECT count(1) FROM pg_catalog.pg_inherits WHERE inhparent=rel.oid LIMIT 1) as is_inherited,
	    des.description
	FROM pg_catalog.pg_class rel
	    LEFT OUTER JOIN pg_catalog.pg_description des ON (des.objoid=rel.oid AND des.objsubid=0 AND des.classoid='pg_class'::regclass)
	    WHERE rel.relkind IN ('r','s','t','p') AND rel.relnamespace = 2200::oid
	    AND NOT rel.relispartition
	        ORDER BY rel.relname;
2024-12-29 17:00:02.516 UTC [54] LOG:  statement: 
	SELECT
	    has_table_privilege(
	      'pgagent.pga_job', 'INSERT, SELECT, UPDATE'
	    ) has_priviledge
	WHERE EXISTS(
	    SELECT has_schema_privilege('pgagent', 'USAGE')
	    WHERE EXISTS(
	        SELECT cl.oid FROM pg_catalog.pg_class cl
	        LEFT JOIN pg_catalog.pg_namespace ns ON ns.oid=relnamespace
	        WHERE relname='pga_job' AND nspname='pgagent'
	    )
	)
	
2024-12-29 17:00:02.525 UTC [54] LOG:  statement: SELECT CASE
	    WHEN (SELECT count(extname) FROM pg_catalog.pg_extension WHERE extname='bdr') > 0
	    THEN 'pgd'
	    WHEN (SELECT COUNT(*) FROM pg_replication_slots) > 0
	    THEN 'log'
	    ELSE NULL
	END as type;
2024-12-29 17:00:02.533 UTC [54] LOG:  statement: SELECT CASE
	    WHEN (SELECT count(extname) FROM pg_catalog.pg_extension WHERE extname='bdr') > 0
	    THEN 'pgd'
	    WHEN (SELECT COUNT(*) FROM pg_replication_slots) > 0
	    THEN 'log'
	    ELSE NULL
	END as type;
2024-12-29 17:00:02.549 UTC [54] LOG:  statement: SELECT
	    db.oid as did, db.datname as name, ta.spcname as spcname, db.datallowconn,
	    db.datistemplate AS is_template,
	    pg_catalog.has_database_privilege(db.oid, 'CREATE') as cancreate, datdba as owner,
	    descr.description
	FROM
	    pg_catalog.pg_database db
	    LEFT OUTER JOIN pg_catalog.pg_tablespace ta ON db.dattablespace = ta.oid
	    LEFT OUTER JOIN pg_catalog.pg_shdescription descr ON (
	        db.oid=descr.objoid AND descr.classoid='pg_database'::regclass
	    )
	WHERE         db.oid > 16383::OID OR db.datname IN ('postgres', 'edb')
	
	ORDER BY datname;
2024-12-29 17:00:02.582 UTC [54] LOG:  statement: 
	            SELECT COUNT(*) FROM pg_extension WHERE extname IN (
	                'edb_job_scheduler', 'dbms_scheduler') 
2024-12-29 17:00:02.598 UTC [54] LOG:  statement: SELECT
	    nsp.oid,
	    nsp.nspname as name,
	    pg_catalog.has_schema_privilege(nsp.oid, 'CREATE') as can_create,
	    pg_catalog.has_schema_privilege(nsp.oid, 'USAGE') as has_usage,
	    des.description
	FROM
	    pg_catalog.pg_namespace nsp
	    LEFT OUTER JOIN pg_catalog.pg_description des ON
	        (des.objoid=nsp.oid AND des.classoid='pg_namespace'::regclass)
	WHERE
	             nspname NOT LIKE E'pg\\_%' AND
	            NOT (
	(nsp.nspname = 'pg_catalog' AND EXISTS
	        (SELECT 1 FROM pg_catalog.pg_class WHERE relname = 'pg_class' AND
	            relnamespace = nsp.oid LIMIT 1)) OR
	    (nsp.nspname = 'pgagent' AND EXISTS
	        (SELECT 1 FROM pg_catalog.pg_class WHERE relname = 'pga_job' AND
	            relnamespace = nsp.oid LIMIT 1)) OR
	    (nsp.nspname = 'information_schema' AND EXISTS
	        (SELECT 1 FROM pg_catalog.pg_class WHERE relname = 'tables' AND
	            relnamespace = nsp.oid LIMIT 1))
	    )
	
	    
	ORDER BY nspname;
2024-12-29 17:00:02.616 UTC [54] LOG:  statement: SELECT
	    nsp.nspname as schema_name,
	    (nsp.nspname = 'pg_catalog' AND EXISTS
	        (SELECT 1 FROM pg_catalog.pg_class WHERE relname = 'pg_class' AND
	            relnamespace = nsp.oid LIMIT 1)) OR
	    (nsp.nspname = 'pgagent' AND EXISTS
	        (SELECT 1 FROM pg_catalog.pg_class WHERE relname = 'pga_job' AND
	            relnamespace = nsp.oid LIMIT 1)) OR
	    (nsp.nspname = 'information_schema' AND EXISTS
	        (SELECT 1 FROM pg_catalog.pg_class WHERE relname = 'tables' AND
	            relnamespace = nsp.oid LIMIT 1)) AS is_catalog,
	    CASE
	    WHEN nsp.nspname = ANY('{information_schema}')
	        THEN false
	    ELSE true END AS db_support
	FROM
	    pg_catalog.pg_namespace nsp
	WHERE
	    nsp.oid = 2200::OID;
2024-12-29 17:00:02.651 UTC [54] LOG:  statement: SELECT rel.oid, rel.relname AS name,
	    (SELECT count(*) FROM pg_catalog.pg_trigger WHERE tgrelid=rel.oid AND tgisinternal = FALSE) AS triggercount,
	    (SELECT count(*) FROM pg_catalog.pg_trigger WHERE tgrelid=rel.oid AND tgisinternal = FALSE AND tgenabled = 'O') AS has_enable_triggers,
	    (CASE WHEN rel.relkind = 'p' THEN true ELSE false END) AS is_partitioned,
	    (SELECT count(1) FROM pg_catalog.pg_inherits WHERE inhrelid=rel.oid LIMIT 1) as is_inherits,
	    (SELECT count(1) FROM pg_catalog.pg_inherits WHERE inhparent=rel.oid LIMIT 1) as is_inherited,
	    des.description
	FROM pg_catalog.pg_class rel
	    LEFT OUTER JOIN pg_catalog.pg_description des ON (des.objoid=rel.oid AND des.objsubid=0 AND des.classoid='pg_class'::regclass)
	    WHERE rel.relkind IN ('r','s','t','p') AND rel.relnamespace = 2200::oid
	    AND NOT rel.relispartition
	        ORDER BY rel.relname;
2024-12-29 17:01:47.125 UTC [54] LOG:  statement: SELECT rel.oid, rel.relname AS name,
	    (SELECT count(*) FROM pg_catalog.pg_trigger WHERE tgrelid=rel.oid AND tgisinternal = FALSE) AS triggercount,
	    (SELECT count(*) FROM pg_catalog.pg_trigger WHERE tgrelid=rel.oid AND tgisinternal = FALSE AND tgenabled = 'O') AS has_enable_triggers,
	    (CASE WHEN rel.relkind = 'p' THEN true ELSE false END) AS is_partitioned,
	    (SELECT count(1) FROM pg_catalog.pg_inherits WHERE inhrelid=rel.oid LIMIT 1) as is_inherits,
	    (SELECT count(1) FROM pg_catalog.pg_inherits WHERE inhparent=rel.oid LIMIT 1) as is_inherited,
	    des.description
	FROM pg_catalog.pg_class rel
	    LEFT OUTER JOIN pg_catalog.pg_description des ON (des.objoid=rel.oid AND des.objsubid=0 AND des.classoid='pg_class'::regclass)
	    WHERE rel.relkind IN ('r','s','t','p') AND rel.relnamespace = 2200::oid
	    AND NOT rel.relispartition
	        ORDER BY rel.relname;
2024-12-29 17:01:49.397 UTC [60] LOG:  statement: BEGIN
2024-12-29 17:01:49.398 UTC [60] LOG:  statement: SELECT pg_cancel_backend(35);
2024-12-29 17:01:49.399 UTC [60] WARNING:  PID 35 is not a PostgreSQL backend process
2024-12-29 17:01:49.402 UTC [54] LOG:  statement: 
	SELECT
	    db.oid as did, db.datname, db.datallowconn,
	    pg_catalog.pg_encoding_to_char(db.encoding) AS serverencoding,
	    pg_catalog.has_database_privilege(db.oid, 'CREATE') as cancreate,
	    datistemplate
	FROM
	    pg_catalog.pg_database db
	WHERE db.oid = 16384
2024-12-29 17:01:52.528 UTC [54] LOG:  statement: 
	SELECT
	    has_table_privilege(
	      'pgagent.pga_job', 'INSERT, SELECT, UPDATE'
	    ) has_priviledge
	WHERE EXISTS(
	    SELECT has_schema_privilege('pgagent', 'USAGE')
	    WHERE EXISTS(
	        SELECT cl.oid FROM pg_catalog.pg_class cl
	        LEFT JOIN pg_catalog.pg_namespace ns ON ns.oid=relnamespace
	        WHERE relname='pga_job' AND nspname='pgagent'
	    )
	)
	
2024-12-29 17:01:52.533 UTC [54] LOG:  statement: SELECT CASE
	    WHEN (SELECT count(extname) FROM pg_catalog.pg_extension WHERE extname='bdr') > 0
	    THEN 'pgd'
	    WHEN (SELECT COUNT(*) FROM pg_replication_slots) > 0
	    THEN 'log'
	    ELSE NULL
	END as type;
2024-12-29 17:01:52.536 UTC [54] LOG:  statement: SELECT CASE
	    WHEN (SELECT count(extname) FROM pg_catalog.pg_extension WHERE extname='bdr') > 0
	    THEN 'pgd'
	    WHEN (SELECT COUNT(*) FROM pg_replication_slots) > 0
	    THEN 'log'
	    ELSE NULL
	END as type;
2024-12-29 17:01:52.550 UTC [54] LOG:  statement: SELECT
	    db.oid as did, db.datname as name, ta.spcname as spcname, db.datallowconn,
	    db.datistemplate AS is_template,
	    pg_catalog.has_database_privilege(db.oid, 'CREATE') as cancreate, datdba as owner,
	    descr.description
	FROM
	    pg_catalog.pg_database db
	    LEFT OUTER JOIN pg_catalog.pg_tablespace ta ON db.dattablespace = ta.oid
	    LEFT OUTER JOIN pg_catalog.pg_shdescription descr ON (
	        db.oid=descr.objoid AND descr.classoid='pg_database'::regclass
	    )
	WHERE         db.oid > 16383::OID OR db.datname IN ('postgres', 'edb')
	
	ORDER BY datname;
2024-12-29 17:01:52.577 UTC [54] LOG:  statement: 
	            SELECT COUNT(*) FROM pg_extension WHERE extname IN (
	                'edb_job_scheduler', 'dbms_scheduler') 
2024-12-29 17:01:52.593 UTC [54] LOG:  statement: SELECT
	    nsp.oid,
	    nsp.nspname as name,
	    pg_catalog.has_schema_privilege(nsp.oid, 'CREATE') as can_create,
	    pg_catalog.has_schema_privilege(nsp.oid, 'USAGE') as has_usage,
	    des.description
	FROM
	    pg_catalog.pg_namespace nsp
	    LEFT OUTER JOIN pg_catalog.pg_description des ON
	        (des.objoid=nsp.oid AND des.classoid='pg_namespace'::regclass)
	WHERE
	             nspname NOT LIKE E'pg\\_%' AND
	            NOT (
	(nsp.nspname = 'pg_catalog' AND EXISTS
	        (SELECT 1 FROM pg_catalog.pg_class WHERE relname = 'pg_class' AND
	            relnamespace = nsp.oid LIMIT 1)) OR
	    (nsp.nspname = 'pgagent' AND EXISTS
	        (SELECT 1 FROM pg_catalog.pg_class WHERE relname = 'pga_job' AND
	            relnamespace = nsp.oid LIMIT 1)) OR
	    (nsp.nspname = 'information_schema' AND EXISTS
	        (SELECT 1 FROM pg_catalog.pg_class WHERE relname = 'tables' AND
	            relnamespace = nsp.oid LIMIT 1))
	    )
	
	    
	ORDER BY nspname;
2024-12-29 17:01:52.608 UTC [54] LOG:  statement: SELECT
	    nsp.nspname as schema_name,
	    (nsp.nspname = 'pg_catalog' AND EXISTS
	        (SELECT 1 FROM pg_catalog.pg_class WHERE relname = 'pg_class' AND
	            relnamespace = nsp.oid LIMIT 1)) OR
	    (nsp.nspname = 'pgagent' AND EXISTS
	        (SELECT 1 FROM pg_catalog.pg_class WHERE relname = 'pga_job' AND
	            relnamespace = nsp.oid LIMIT 1)) OR
	    (nsp.nspname = 'information_schema' AND EXISTS
	        (SELECT 1 FROM pg_catalog.pg_class WHERE relname = 'tables' AND
	            relnamespace = nsp.oid LIMIT 1)) AS is_catalog,
	    CASE
	    WHEN nsp.nspname = ANY('{information_schema}')
	        THEN false
	    ELSE true END AS db_support
	FROM
	    pg_catalog.pg_namespace nsp
	WHERE
	    nsp.oid = 2200::OID;
2024-12-29 17:01:54.186 UTC [54] LOG:  statement: SELECT rel.oid, rel.relname AS name,
	    (SELECT count(*) FROM pg_catalog.pg_trigger WHERE tgrelid=rel.oid AND tgisinternal = FALSE) AS triggercount,
	    (SELECT count(*) FROM pg_catalog.pg_trigger WHERE tgrelid=rel.oid AND tgisinternal = FALSE AND tgenabled = 'O') AS has_enable_triggers,
	    (CASE WHEN rel.relkind = 'p' THEN true ELSE false END) AS is_partitioned,
	    (SELECT count(1) FROM pg_catalog.pg_inherits WHERE inhrelid=rel.oid LIMIT 1) as is_inherits,
	    (SELECT count(1) FROM pg_catalog.pg_inherits WHERE inhparent=rel.oid LIMIT 1) as is_inherited,
	    des.description
	FROM pg_catalog.pg_class rel
	    LEFT OUTER JOIN pg_catalog.pg_description des ON (des.objoid=rel.oid AND des.objsubid=0 AND des.classoid='pg_class'::regclass)
	    WHERE rel.relkind IN ('r','s','t','p') AND rel.relnamespace = 2200::oid
	    AND NOT rel.relispartition
	        ORDER BY rel.relname;
2024-12-29 18:54:41.271 UTC [1] LOG:  received fast shutdown request
2024-12-29 18:54:41.279 UTC [1] LOG:  aborting any active transactions
2024-12-29 18:54:41.280 UTC [54] FATAL:  terminating connection due to administrator command
2024-12-29 18:54:41.286 UTC [1] LOG:  background worker "logical replication launcher" (PID 34) exited with exit code 1
2024-12-29 18:54:41.340 UTC [29] LOG:  shutting down
2024-12-29 18:54:41.344 UTC [29] LOG:  checkpoint starting: shutdown immediate
2024-12-29 18:54:41.397 UTC [29] LOG:  checkpoint complete: wrote 1 buffers (0.0%); 0 WAL file(s) added, 0 removed, 0 recycled; write=0.019 s, sync=0.002 s, total=0.057 s; sync files=1, longest=0.002 s, average=0.002 s; distance=0 kB, estimate=233 kB; lsn=0/19497E8, redo lsn=0/19497E8
2024-12-29 18:54:30.980 UTC [1] LOG:  database system is shut down
